app/build/intermediates/manifest_merge_blame_file/debug/manifest-merger-blame-debug-report.txt
1<?xml version="1.0" encoding="utf-8"?>
2<manifest xmlns:android="http://schemas.android.com/apk/res/android"
3    package="com.example.e_study"
4    android:versionCode="1"
5    android:versionName="1.0" >
6
7    <uses-sdk
8        android:minSdkVersion="16"
8-->src\main\AndroidManifest.xml
9        android:targetSdkVersion="30" />
9-->src\main\AndroidManifest.xml
10
11    <application
11-->src\main\AndroidManifest.xml:5:5-25:19
12        android:allowBackup="true"
12-->src\main\AndroidManifest.xml:6:9-35
13        android:appComponentFactory="androidx.core.app.CoreComponentFactory"
13-->[androidx.core:core:1.3.1] AndroidManifest.xml:24:18-86
14        android:debuggable="true"
15        android:icon="@mipmap/ic_launcher"
15-->src\main\AndroidManifest.xml:7:9-43
16        android:label="@string/app_name"
16-->src\main\AndroidManifest.xml:8:9-41
17        android:roundIcon="@mipmap/ic_launcher_round"
17-->src\main\AndroidManifest.xml:9:9-54
18        android:supportsRtl="true"
18-->src\main\AndroidManifest.xml:10:9-35
19        android:theme="@style/Theme.E_Study" >
19-->src\main\AndroidManifest.xml:11:9-45
20        <activity android:name="com.example.e_study.answers" />
20-->src\main\AndroidManifest.xml:12:9-54
20-->src\main\AndroidManifest.xml:12:19-42
21        <activity android:name="com.example.e_study.marking_upload" />
21-->src\main\AndroidManifest.xml:13:9-52
21-->src\main\AndroidManifest.xml:13:19-49
22        <activity android:name="com.example.e_study.paper_checking" />
22-->src\main\AndroidManifest.xml:14:9-52
22-->src\main\AndroidManifest.xml:14:19-49
23        <activity android:name="com.example.e_study.Lecture_protal" />
23-->src\main\AndroidManifest.xml:15:9-52
23-->src\main\AndroidManifest.xml:15:19-49
24        <activity android:name="com.example.e_study.uploadAssignment" />
24-->src\main\AndroidManifest.xml:16:9-54
24-->src\main\AndroidManifest.xml:16:19-51
25        <activity android:name="com.example.e_study.Upload" />
25-->src\main\AndroidManifest.xml:17:9-44
25-->src\main\AndroidManifest.xml:17:19-41
26        <activity android:name="com.example.e_study.selectionPage" />
26-->src\main\AndroidManifest.xml:18:9-51
26-->src\main\AndroidManifest.xml:18:19-48
27        <activity android:name="com.example.e_study.LoginActivity" />
27-->src\main\AndroidManifest.xml:19:9-51
27-->src\main\AndroidManifest.xml:19:19-48
28        <activity android:name="com.example.e_study.MainActivity" />
28-->src\main\AndroidManifest.xml:20:9-50
28-->src\main\AndroidManifest.xml:20:19-47
29
30        <meta-data
30-->src\main\AndroidManifest.xml:22:9-24:57
31            android:name="preloaded_fonts"
31-->src\main\AndroidManifest.xml:23:13-43
32            android:resource="@array/preloaded_fonts" />
32-->src\main\AndroidManifest.xml:24:13-54
33    </application>
34
35</manifest>